#
# There is insufficient memory for the Java Runtime Environment to continue.
# Native memory allocation (malloc) failed to allocate 99856 bytes for Chunk::new
# Possible reasons:
#   The system is out of physical RAM or swap space
#   The process is running with CompressedOops enabled, and the Java Heap may be blocking the growth of the native heap
# Possible solutions:
#   Reduce memory load on the system
#   Increase physical memory or swap space
#   Check if swap backing store is full
#   Decrease Java heap size (-Xmx/-Xms)
#   Decrease number of Java threads
#   Decrease Java thread stack sizes (-Xss)
#   Set larger code cache with -XX:ReservedCodeCacheSize=
#   JVM is running with Unscaled Compressed Oops mode in which the Java heap is
#     placed in the first 4GB address space. The Java Heap base address is the
#     maximum limit for the native heap growth. Please use -XX:HeapBaseMinAddress
#     to set the Java Heap base and to place the Java Heap above 4GB virtual address.
# This output file may be truncated or incomplete.
#
#  Out of Memory Error (arena.cpp:189), pid=16528, tid=19644
#
# JRE version: OpenJDK Runtime Environment Temurin-17.0.6+10 (17.0.6+10) (build 17.0.6+10)
# Java VM: OpenJDK 64-Bit Server VM Temurin-17.0.6+10 (17.0.6+10, mixed mode, tiered, compressed oops, compressed class ptrs, g1 gc, windows-amd64)
# No core dump will be written. Minidumps are not enabled by default on client versions of Windows
#

---------------  S U M M A R Y ------------

Command Line: -Dfile.encoding=UTF-8 -XX:+ShowCodeDetailsInExceptionMessages net.javaguides.springboot_backend.SpringbootBackendApplication

Host: AMD Ryzen 5 2600X Six-Core Processor           , 12 cores, 7G,  Windows 11 , 64 bit Build 26100 (10.0.26100.3323)
Time: Sun Mar 30 19:13:29 2025 Pacific Daylight Time elapsed time: 162.050919 seconds (0d 0h 2m 42s)

---------------  T H R E A D  ---------------

Current thread (0x00000242f1469d50):  JavaThread "C2 CompilerThread0" daemon [_thread_in_native, id=19644, stack(0x0000008b36c00000,0x0000008b36d00000)]


Current CompileTask:
C2: 162051 5760       4       org.springframework.boot.devtools.filewatch.FileSnapshot::equals (110 bytes)

Stack: [0x0000008b36c00000,0x0000008b36d00000]
Native frames: (J=compiled Java code, j=interpreted, Vv=VM code, C=native code)
V  [jvm.dll+0x67741a]
V  [jvm.dll+0x834434]
V  [jvm.dll+0x835bde]
V  [jvm.dll+0x836243]
V  [jvm.dll+0x2457b5]
V  [jvm.dll+0xabafc]
V  [jvm.dll+0xac0cc]
V  [jvm.dll+0x2ac94f]
V  [jvm.dll+0x57de47]
V  [jvm.dll+0x220812]
V  [jvm.dll+0x219fd9]
V  [jvm.dll+0x21790b]
V  [jvm.dll+0x1a3d0d]
V  [jvm.dll+0x22742a]
V  [jvm.dll+0x225565]
V  [jvm.dll+0x7ea2cb]
V  [jvm.dll+0x7e483a]
V  [jvm.dll+0x6762c5]
C  [ucrtbase.dll+0x37b0]
C  [KERNEL32.DLL+0x2e8d7]
C  [ntdll.dll+0xbbf6c]


---------------  P R O C E S S  ---------------

Threads class SMR info:
_java_thread_list=0x00000242f62b0720, length=31, elements={
0x00000242f08a3e20, 0x00000242f08a65f0, 0x00000242f1453000, 0x00000242f14554e0,
0x00000242f14559b0, 0x00000242f1461ea0, 0x00000242f1469d50, 0x00000242f147c420,
0x00000242f1484a10, 0x00000242f15e3f60, 0x00000242f15f58b0, 0x00000242f31707f0,
0x00000242f3170320, 0x00000242f316fe50, 0x00000242f31724d0, 0x00000242f31729a0,
0x00000242f3170cc0, 0x00000242f3172000, 0x00000242f3171190, 0x00000242f3171660,
0x00000242f8eeeed0, 0x00000242f8ef0210, 0x00000242f8ef06e0, 0x00000242f8eef870,
0x00000242f8ef0bb0, 0x00000242f8eefd40, 0x00000242f8ef1080, 0x00000242f8ef1a20,
0x00000242f8ef1550, 0x00000242f8eee060, 0x00000242f8eee530
}

Java Threads: ( => current thread )
  0x00000242f08a3e20 JavaThread "Reference Handler" daemon [_thread_blocked, id=5240, stack(0x0000008b36600000,0x0000008b36700000)]
  0x00000242f08a65f0 JavaThread "Finalizer" daemon [_thread_blocked, id=19160, stack(0x0000008b36700000,0x0000008b36800000)]
  0x00000242f1453000 JavaThread "Signal Dispatcher" daemon [_thread_blocked, id=10696, stack(0x0000008b36800000,0x0000008b36900000)]
  0x00000242f14554e0 JavaThread "Attach Listener" daemon [_thread_blocked, id=18876, stack(0x0000008b36900000,0x0000008b36a00000)]
  0x00000242f14559b0 JavaThread "Service Thread" daemon [_thread_blocked, id=19932, stack(0x0000008b36a00000,0x0000008b36b00000)]
  0x00000242f1461ea0 JavaThread "Monitor Deflation Thread" daemon [_thread_blocked, id=18756, stack(0x0000008b36b00000,0x0000008b36c00000)]
=>0x00000242f1469d50 JavaThread "C2 CompilerThread0" daemon [_thread_in_native, id=19644, stack(0x0000008b36c00000,0x0000008b36d00000)]
  0x00000242f147c420 JavaThread "C1 CompilerThread0" daemon [_thread_blocked, id=4160, stack(0x0000008b36d00000,0x0000008b36e00000)]
  0x00000242f1484a10 JavaThread "Sweeper thread" daemon [_thread_blocked, id=16424, stack(0x0000008b36e00000,0x0000008b36f00000)]
  0x00000242f15e3f60 JavaThread "Notification Thread" daemon [_thread_blocked, id=18020, stack(0x0000008b36f00000,0x0000008b37000000)]
  0x00000242f15f58b0 JavaThread "Common-Cleaner" daemon [_thread_blocked, id=20328, stack(0x0000008b37100000,0x0000008b37200000)]
  0x00000242f31707f0 JavaThread "Catalina-utility-1" [_thread_blocked, id=17700, stack(0x0000008b37b00000,0x0000008b37c00000)]
  0x00000242f3170320 JavaThread "Catalina-utility-2" [_thread_blocked, id=18252, stack(0x0000008b38200000,0x0000008b38300000)]
  0x00000242f316fe50 JavaThread "container-0" [_thread_blocked, id=19948, stack(0x0000008b38300000,0x0000008b38400000)]
  0x00000242f31724d0 JavaThread "PostgreSQL-JDBC-Cleaner" daemon [_thread_blocked, id=14936, stack(0x0000008b38500000,0x0000008b38600000)]
  0x00000242f31729a0 JavaThread "HikariPool-1 housekeeper" daemon [_thread_blocked, id=18484, stack(0x0000008b38600000,0x0000008b38700000)]
  0x00000242f3170cc0 JavaThread "File Watcher" daemon [_thread_blocked, id=18660, stack(0x0000008b38800000,0x0000008b38900000)]
  0x00000242f3172000 JavaThread "Live Reload Server" daemon [_thread_in_native, id=19724, stack(0x0000008b38a00000,0x0000008b38b00000)]
  0x00000242f3171190 JavaThread "http-nio-8080-exec-1" daemon [_thread_blocked, id=16740, stack(0x0000008b38900000,0x0000008b38a00000)]
  0x00000242f3171660 JavaThread "http-nio-8080-exec-2" daemon [_thread_blocked, id=7456, stack(0x0000008b38b00000,0x0000008b38c00000)]
  0x00000242f8eeeed0 JavaThread "http-nio-8080-exec-3" daemon [_thread_blocked, id=15468, stack(0x0000008b38c00000,0x0000008b38d00000)]
  0x00000242f8ef0210 JavaThread "http-nio-8080-exec-4" daemon [_thread_blocked, id=16600, stack(0x0000008b38d00000,0x0000008b38e00000)]
  0x00000242f8ef06e0 JavaThread "http-nio-8080-exec-5" daemon [_thread_blocked, id=17524, stack(0x0000008b38e00000,0x0000008b38f00000)]
  0x00000242f8eef870 JavaThread "http-nio-8080-exec-6" daemon [_thread_blocked, id=2888, stack(0x0000008b38f00000,0x0000008b39000000)]
  0x00000242f8ef0bb0 JavaThread "http-nio-8080-exec-7" daemon [_thread_blocked, id=9124, stack(0x0000008b39000000,0x0000008b39100000)]
  0x00000242f8eefd40 JavaThread "http-nio-8080-exec-8" daemon [_thread_blocked, id=18912, stack(0x0000008b39100000,0x0000008b39200000)]
  0x00000242f8ef1080 JavaThread "http-nio-8080-exec-9" daemon [_thread_blocked, id=17912, stack(0x0000008b39200000,0x0000008b39300000)]
  0x00000242f8ef1a20 JavaThread "http-nio-8080-exec-10" daemon [_thread_blocked, id=9096, stack(0x0000008b39300000,0x0000008b39400000)]
  0x00000242f8ef1550 JavaThread "http-nio-8080-Poller" daemon [_thread_in_native, id=7900, stack(0x0000008b39400000,0x0000008b39500000)]
  0x00000242f8eee060 JavaThread "http-nio-8080-Acceptor" daemon [_thread_in_native, id=19628, stack(0x0000008b39500000,0x0000008b39600000)]
  0x00000242f8eee530 JavaThread "DestroyJavaVM" [_thread_blocked, id=18964, stack(0x0000008b35f00000,0x0000008b36000000)]

Other Threads:
  0x00000242f0858d80 VMThread "VM Thread" [stack: 0x0000008b36500000,0x0000008b36600000] [id=16636]
  0x00000242d651f680 WatcherThread [stack: 0x0000008b37000000,0x0000008b37100000] [id=15760]
  0x00000242d64f7bf0 GCTaskThread "GC Thread#0" [stack: 0x0000008b36000000,0x0000008b36100000] [id=15532]
  0x00000242f28b41a0 GCTaskThread "GC Thread#1" [stack: 0x0000008b37600000,0x0000008b37700000] [id=19208]
  0x00000242f28b4450 GCTaskThread "GC Thread#2" [stack: 0x0000008b37700000,0x0000008b37800000] [id=18792]
  0x00000242f28b4700 GCTaskThread "GC Thread#3" [stack: 0x0000008b37800000,0x0000008b37900000] [id=16576]
  0x00000242f2f51370 GCTaskThread "GC Thread#4" [stack: 0x0000008b37900000,0x0000008b37a00000] [id=14932]
  0x00000242f2f51620 GCTaskThread "GC Thread#5" [stack: 0x0000008b37a00000,0x0000008b37b00000] [id=1048]
  0x00000242f2fcee80 GCTaskThread "GC Thread#6" [stack: 0x0000008b37c00000,0x0000008b37d00000] [id=10080]
  0x00000242f3321f70 GCTaskThread "GC Thread#7" [stack: 0x0000008b37d00000,0x0000008b37e00000] [id=20408]
  0x00000242f3253b40 GCTaskThread "GC Thread#8" [stack: 0x0000008b37e00000,0x0000008b37f00000] [id=6476]
  0x00000242f3020a00 GCTaskThread "GC Thread#9" [stack: 0x0000008b37f00000,0x0000008b38000000] [id=18884]
  0x00000242d6508a50 ConcurrentGCThread "G1 Main Marker" [stack: 0x0000008b36100000,0x0000008b36200000] [id=12696]
  0x00000242d650b620 ConcurrentGCThread "G1 Conc#0" [stack: 0x0000008b36200000,0x0000008b36300000] [id=1616]
  0x00000242f31e7540 ConcurrentGCThread "G1 Conc#1" [stack: 0x0000008b38000000,0x0000008b38100000] [id=18708]
  0x00000242f353db90 ConcurrentGCThread "G1 Conc#2" [stack: 0x0000008b38100000,0x0000008b38200000] [id=16356]
  0x00000242d654e9e0 ConcurrentGCThread "G1 Refine#0" [stack: 0x0000008b36300000,0x0000008b36400000] [id=8612]
  0x00000242f0709160 ConcurrentGCThread "G1 Service" [stack: 0x0000008b36400000,0x0000008b36500000] [id=11540]

Threads with active compile tasks:
C2 CompilerThread0   163086 5760       4       org.springframework.boot.devtools.filewatch.FileSnapshot::equals (110 bytes)

VM state: not at safepoint (normal execution)

VM Mutex/Monitor currently owned by a thread: None

Heap address: 0x0000000081200000, size: 2030 MB, Compressed Oops mode: 32-bit

CDS archive(s) not mapped
Compressed class space mapped at: 0x0000000100000000-0x0000000140000000, reserved size: 1073741824
Narrow klass base: 0x0000000000000000, Narrow klass shift: 3, Narrow klass range: 0x140000000

GC Precious Log:
 CPUs: 12 total, 12 available
 Memory: 8117M
 Large Page Support: Disabled
 NUMA Support: Disabled
 Compressed Oops: Enabled (32-bit)
 Heap Region Size: 1M
 Heap Min Capacity: 8M
 Heap Initial Capacity: 128M
 Heap Max Capacity: 2030M
 Pre-touch: Disabled
 Parallel Workers: 10
 Concurrent Workers: 3
 Concurrent Refinement Workers: 10
 Periodic GC: Disabled

Heap:
 garbage-first heap   total 80896K, used 33401K [0x0000000081200000, 0x0000000100000000)
  region size 1024K, 10 young (10240K), 3 survivors (3072K)
 Metaspace       used 75223K, committed 75840K, reserved 1122304K
  class space    used 9917K, committed 10176K, reserved 1048576K

Heap Regions: E=young(eden), S=young(survivor), O=old, HS=humongous(starts), HC=humongous(continues), CS=collection set, F=free, OA=open archive, CA=closed archive, TAMS=top-at-mark-start (previous, next)
|   0|0x0000000081200000, 0x0000000081300000, 0x0000000081300000|100%|HS|  |TAMS 0x0000000081300000, 0x0000000081200000| Complete 
|   1|0x0000000081300000, 0x0000000081400000, 0x0000000081400000|100%|HS|  |TAMS 0x0000000081400000, 0x0000000081300000| Complete 
|   2|0x0000000081400000, 0x0000000081500000, 0x0000000081500000|100%| O|  |TAMS 0x0000000081500000, 0x0000000081400000| Untracked 
|   3|0x0000000081500000, 0x0000000081600000, 0x0000000081600000|100%| O|  |TAMS 0x0000000081600000, 0x0000000081500000| Untracked 
|   4|0x0000000081600000, 0x0000000081700000, 0x0000000081700000|100%| O|  |TAMS 0x0000000081700000, 0x0000000081600000| Untracked 
|   5|0x0000000081700000, 0x0000000081800000, 0x0000000081800000|100%| O|  |TAMS 0x0000000081800000, 0x0000000081700000| Untracked 
|   6|0x0000000081800000, 0x0000000081900000, 0x0000000081900000|100%| O|  |TAMS 0x0000000081900000, 0x0000000081800000| Untracked 
|   7|0x0000000081900000, 0x0000000081a00000, 0x0000000081a00000|100%| O|  |TAMS 0x0000000081a00000, 0x0000000081900000| Untracked 
|   8|0x0000000081a00000, 0x0000000081b00000, 0x0000000081b00000|100%| O|  |TAMS 0x0000000081b00000, 0x0000000081a00000| Untracked 
|   9|0x0000000081b00000, 0x0000000081c00000, 0x0000000081c00000|100%| O|  |TAMS 0x0000000081c00000, 0x0000000081b00000| Untracked 
|  10|0x0000000081c00000, 0x0000000081d00000, 0x0000000081d00000|100%| O|  |TAMS 0x0000000081d00000, 0x0000000081c00000| Untracked 
|  11|0x0000000081d00000, 0x0000000081e00000, 0x0000000081e00000|100%| O|  |TAMS 0x0000000081e00000, 0x0000000081d00000| Untracked 
|  12|0x0000000081e00000, 0x0000000081f00000, 0x0000000081f00000|100%| O|  |TAMS 0x0000000081e00000, 0x0000000081e00000| Untracked 
|  13|0x0000000081f00000, 0x0000000082000000, 0x0000000082000000|100%| O|  |TAMS 0x0000000082000000, 0x0000000081f00000| Untracked 
|  14|0x0000000082000000, 0x0000000082100000, 0x0000000082100000|100%| O|  |TAMS 0x0000000082100000, 0x0000000082000000| Untracked 
|  15|0x0000000082100000, 0x0000000082200000, 0x0000000082200000|100%| O|  |TAMS 0x0000000082200000, 0x0000000082100000| Untracked 
|  16|0x0000000082200000, 0x0000000082300000, 0x0000000082300000|100%| O|  |TAMS 0x0000000082300000, 0x0000000082200000| Untracked 
|  17|0x0000000082300000, 0x0000000082400000, 0x0000000082400000|100%| O|  |TAMS 0x0000000082400000, 0x0000000082300000| Untracked 
|  18|0x0000000082400000, 0x0000000082400000, 0x0000000082500000|  0%| F|  |TAMS 0x0000000082400000, 0x0000000082400000| Untracked 
|  19|0x0000000082500000, 0x0000000082600000, 0x0000000082600000|100%| O|  |TAMS 0x0000000082500000, 0x0000000082500000| Untracked 
|  20|0x0000000082600000, 0x0000000082700000, 0x0000000082700000|100%| O|  |TAMS 0x0000000082600000, 0x0000000082600000| Untracked 
|  21|0x0000000082700000, 0x0000000082800000, 0x0000000082800000|100%| O|  |TAMS 0x0000000082700000, 0x0000000082700000| Untracked 
|  22|0x0000000082800000, 0x0000000082900000, 0x0000000082900000|100%| O|  |TAMS 0x0000000082800000, 0x0000000082800000| Untracked 
|  23|0x0000000082900000, 0x0000000082a00000, 0x0000000082a00000|100%| O|  |TAMS 0x0000000082900000, 0x0000000082900000| Untracked 
|  24|0x0000000082a00000, 0x0000000082b00000, 0x0000000082b00000|100%| O|  |TAMS 0x0000000082a00000, 0x0000000082a00000| Untracked 
|  25|0x0000000082b00000, 0x0000000082bb3400, 0x0000000082c00000| 70%| O|  |TAMS 0x0000000082b00000, 0x0000000082b00000| Untracked 
|  26|0x0000000082c00000, 0x0000000082c00000, 0x0000000082d00000|  0%| F|  |TAMS 0x0000000082c00000, 0x0000000082c00000| Untracked 
|  27|0x0000000082d00000, 0x0000000082d00000, 0x0000000082e00000|  0%| F|  |TAMS 0x0000000082d00000, 0x0000000082d00000| Untracked 
|  28|0x0000000082e00000, 0x0000000082e00000, 0x0000000082f00000|  0%| F|  |TAMS 0x0000000082e00000, 0x0000000082e00000| Untracked 
|  29|0x0000000082f00000, 0x0000000082f00000, 0x0000000083000000|  0%| F|  |TAMS 0x0000000082f00000, 0x0000000082f00000| Untracked 
|  30|0x0000000083000000, 0x0000000083000000, 0x0000000083100000|  0%| F|  |TAMS 0x0000000083000000, 0x0000000083000000| Untracked 
|  31|0x0000000083100000, 0x0000000083100000, 0x0000000083200000|  0%| F|  |TAMS 0x0000000083100000, 0x0000000083100000| Untracked 
|  32|0x0000000083200000, 0x0000000083200000, 0x0000000083300000|  0%| F|  |TAMS 0x0000000083200000, 0x0000000083200000| Untracked 
|  33|0x0000000083300000, 0x0000000083300000, 0x0000000083400000|  0%| F|  |TAMS 0x0000000083300000, 0x0000000083300000| Untracked 
|  34|0x0000000083400000, 0x0000000083400000, 0x0000000083500000|  0%| F|  |TAMS 0x0000000083400000, 0x0000000083400000| Untracked 
|  35|0x0000000083500000, 0x0000000083500000, 0x0000000083600000|  0%| F|  |TAMS 0x0000000083500000, 0x0000000083500000| Untracked 
|  36|0x0000000083600000, 0x0000000083600000, 0x0000000083700000|  0%| F|  |TAMS 0x0000000083600000, 0x0000000083600000| Untracked 
|  37|0x0000000083700000, 0x0000000083700000, 0x0000000083800000|  0%| F|  |TAMS 0x0000000083700000, 0x0000000083700000| Untracked 
|  38|0x0000000083800000, 0x00000000838eb110, 0x0000000083900000| 91%| S|CS|TAMS 0x0000000083800000, 0x0000000083800000| Complete 
|  39|0x0000000083900000, 0x0000000083a00000, 0x0000000083a00000|100%| S|CS|TAMS 0x0000000083900000, 0x0000000083900000| Complete 
|  40|0x0000000083a00000, 0x0000000083b00000, 0x0000000083b00000|100%| S|CS|TAMS 0x0000000083a00000, 0x0000000083a00000| Complete 
|  41|0x0000000083b00000, 0x0000000083b00000, 0x0000000083c00000|  0%| F|  |TAMS 0x0000000083b00000, 0x0000000083b00000| Untracked 
|  42|0x0000000083c00000, 0x0000000083c00000, 0x0000000083d00000|  0%| F|  |TAMS 0x0000000083c00000, 0x0000000083c00000| Untracked 
|  43|0x0000000083d00000, 0x0000000083d00000, 0x0000000083e00000|  0%| F|  |TAMS 0x0000000083d00000, 0x0000000083d00000| Untracked 
|  44|0x0000000083e00000, 0x0000000083e00000, 0x0000000083f00000|  0%| F|  |TAMS 0x0000000083e00000, 0x0000000083e00000| Untracked 
|  45|0x0000000083f00000, 0x0000000083f00000, 0x0000000084000000|  0%| F|  |TAMS 0x0000000083f00000, 0x0000000083f00000| Untracked 
|  46|0x0000000084000000, 0x0000000084000000, 0x0000000084100000|  0%| F|  |TAMS 0x0000000084000000, 0x0000000084000000| Untracked 
|  47|0x0000000084100000, 0x0000000084100000, 0x0000000084200000|  0%| F|  |TAMS 0x0000000084100000, 0x0000000084100000| Untracked 
|  48|0x0000000084200000, 0x0000000084200000, 0x0000000084300000|  0%| F|  |TAMS 0x0000000084200000, 0x0000000084200000| Untracked 
|  49|0x0000000084300000, 0x0000000084300000, 0x0000000084400000|  0%| F|  |TAMS 0x0000000084300000, 0x0000000084300000| Untracked 
|  50|0x0000000084400000, 0x0000000084400000, 0x0000000084500000|  0%| F|  |TAMS 0x0000000084400000, 0x0000000084400000| Untracked 
|  51|0x0000000084500000, 0x0000000084500000, 0x0000000084600000|  0%| F|  |TAMS 0x0000000084500000, 0x0000000084500000| Untracked 
|  52|0x0000000084600000, 0x0000000084600000, 0x0000000084700000|  0%| F|  |TAMS 0x0000000084600000, 0x0000000084600000| Untracked 
|  53|0x0000000084700000, 0x0000000084700000, 0x0000000084800000|  0%| F|  |TAMS 0x0000000084700000, 0x0000000084700000| Untracked 
|  54|0x0000000084800000, 0x0000000084800000, 0x0000000084900000|  0%| F|  |TAMS 0x0000000084800000, 0x0000000084800000| Untracked 
|  55|0x0000000084900000, 0x0000000084900000, 0x0000000084a00000|  0%| F|  |TAMS 0x0000000084900000, 0x0000000084900000| Untracked 
|  56|0x0000000084a00000, 0x0000000084a00000, 0x0000000084b00000|  0%| F|  |TAMS 0x0000000084a00000, 0x0000000084a00000| Untracked 
|  57|0x0000000084b00000, 0x0000000084b00000, 0x0000000084c00000|  0%| F|  |TAMS 0x0000000084b00000, 0x0000000084b00000| Untracked 
|  58|0x0000000084c00000, 0x0000000084c00000, 0x0000000084d00000|  0%| F|  |TAMS 0x0000000084c00000, 0x0000000084c00000| Untracked 
|  59|0x0000000084d00000, 0x0000000084d00000, 0x0000000084e00000|  0%| F|  |TAMS 0x0000000084d00000, 0x0000000084d00000| Untracked 
|  60|0x0000000084e00000, 0x0000000084e00000, 0x0000000084f00000|  0%| F|  |TAMS 0x0000000084e00000, 0x0000000084e00000| Untracked 
|  61|0x0000000084f00000, 0x0000000084f00000, 0x0000000085000000|  0%| F|  |TAMS 0x0000000084f00000, 0x0000000084f00000| Untracked 
|  62|0x0000000085000000, 0x0000000085000000, 0x0000000085100000|  0%| F|  |TAMS 0x0000000085000000, 0x0000000085000000| Untracked 
|  63|0x0000000085100000, 0x0000000085100000, 0x0000000085200000|  0%| F|  |TAMS 0x0000000085100000, 0x0000000085100000| Untracked 
|  64|0x0000000085200000, 0x0000000085200000, 0x0000000085300000|  0%| F|  |TAMS 0x0000000085200000, 0x0000000085200000| Untracked 
|  65|0x0000000085300000, 0x0000000085300000, 0x0000000085400000|  0%| F|  |TAMS 0x0000000085300000, 0x0000000085300000| Untracked 
|  66|0x0000000085400000, 0x0000000085400000, 0x0000000085500000|  0%| F|  |TAMS 0x0000000085400000, 0x0000000085400000| Untracked 
|  67|0x0000000085500000, 0x0000000085500000, 0x0000000085600000|  0%| F|  |TAMS 0x0000000085500000, 0x0000000085500000| Untracked 
|  68|0x0000000085600000, 0x0000000085600000, 0x0000000085700000|  0%| F|  |TAMS 0x0000000085600000, 0x0000000085600000| Untracked 
|  69|0x0000000085700000, 0x0000000085700000, 0x0000000085800000|  0%| F|  |TAMS 0x0000000085700000, 0x0000000085700000| Untracked 
|  70|0x0000000085800000, 0x0000000085800000, 0x0000000085900000|  0%| F|  |TAMS 0x0000000085800000, 0x0000000085800000| Untracked 
|  71|0x0000000085900000, 0x0000000085900000, 0x0000000085a00000|  0%| F|  |TAMS 0x0000000085900000, 0x0000000085900000| Untracked 
|  72|0x0000000085a00000, 0x0000000085ad5f00, 0x0000000085b00000| 83%| E|  |TAMS 0x0000000085a00000, 0x0000000085a00000| Complete 
|  73|0x0000000085b00000, 0x0000000085c00000, 0x0000000085c00000|100%| E|CS|TAMS 0x0000000085b00000, 0x0000000085b00000| Complete 
|  74|0x0000000085c00000, 0x0000000085d00000, 0x0000000085d00000|100%| E|CS|TAMS 0x0000000085c00000, 0x0000000085c00000| Complete 
|  94|0x0000000087000000, 0x0000000087100000, 0x0000000087100000|100%| E|CS|TAMS 0x0000000087000000, 0x0000000087000000| Complete 
|  95|0x0000000087100000, 0x0000000087200000, 0x0000000087200000|100%| E|CS|TAMS 0x0000000087100000, 0x0000000087100000| Complete 
|  96|0x0000000087200000, 0x0000000087300000, 0x0000000087300000|100%| E|CS|TAMS 0x0000000087200000, 0x0000000087200000| Complete 
| 127|0x0000000089100000, 0x0000000089200000, 0x0000000089200000|100%| E|  |TAMS 0x0000000089100000, 0x0000000089100000| Complete 

Card table byte_map: [0x00000242e9490000,0x00000242e9890000] _byte_map_base: 0x00000242e9087000

Marking Bits (Prev, Next): (CMBitMap*) 0x00000242d64f8240, (CMBitMap*) 0x00000242d64f8200
 Prev Bits: [0x00000242ebc50000, 0x00000242edc08000)
 Next Bits: [0x00000242e9c90000, 0x00000242ebc48000)

Polling page: 0x00000242d4440000

Metaspace:

Usage:
  Non-class:     63.77 MB used.
      Class:      9.69 MB used.
       Both:     73.46 MB used.

Virtual space:
  Non-class space:       72.00 MB reserved,      64.12 MB ( 89%) committed,  9 nodes.
      Class space:        1.00 GB reserved,       9.94 MB ( <1%) committed,  1 nodes.
             Both:        1.07 GB reserved,      74.06 MB (  7%) committed. 

Chunk freelists:
   Non-Class:  3.86 MB
       Class:  1.91 MB
        Both:  5.77 MB

MaxMetaspaceSize: unlimited
CompressedClassSpaceSize: 1.00 GB
Initial GC threshold: 21.00 MB
Current GC threshold: 98.69 MB
CDS: off
MetaspaceReclaimPolicy: balanced
 - commit_granule_bytes: 65536.
 - commit_granule_words: 8192.
 - virtual_space_node_default_size: 1048576.
 - enlarge_chunks_in_place: 1.
 - new_chunks_are_fully_committed: 0.
 - uncommit_free_chunks: 1.
 - use_allocation_guard: 0.
 - handle_deallocations: 1.


Internal statistics:

num_allocs_failed_limit: 11.
num_arena_births: 838.
num_arena_deaths: 0.
num_vsnodes_births: 10.
num_vsnodes_deaths: 0.
num_space_committed: 1185.
num_space_uncommitted: 0.
num_chunks_returned_to_freelist: 11.
num_chunks_taken_from_freelist: 3295.
num_chunk_merges: 11.
num_chunk_splits: 2368.
num_chunks_enlarged: 1845.
num_purges: 0.
num_inconsistent_stats: 0.

CodeHeap 'non-profiled nmethods': size=120000Kb used=3705Kb max_used=3705Kb free=116294Kb
 bounds [0x00000242e1610000, 0x00000242e19d0000, 0x00000242e8b40000]
CodeHeap 'profiled nmethods': size=120000Kb used=9280Kb max_used=9995Kb free=110719Kb
 bounds [0x00000242d9b40000, 0x00000242da510000, 0x00000242e1070000]
CodeHeap 'non-nmethods': size=5760Kb used=1337Kb max_used=1380Kb free=4422Kb
 bounds [0x00000242e1070000, 0x00000242e12e0000, 0x00000242e1610000]
 total_blobs=5642 nmethods=4971 adapters=583
 compilation: enabled
              stopped_count=0, restarted_count=0
 full_count=0

Compilation events (20 events):
Event: 142.791 Thread 0x00000242f147c420 nmethod 5750 0x00000242da2cc390 code [0x00000242da2cc580, 0x00000242da2cc9e8]
Event: 142.791 Thread 0x00000242f147c420 5751       3       java.util.concurrent.locks.ReentrantReadWriteLock$ReadLock::lock (9 bytes)
Event: 142.791 Thread 0x00000242f147c420 nmethod 5751 0x00000242da2cbf90 code [0x00000242da2cc140, 0x00000242da2cc288]
Event: 142.791 Thread 0x00000242f147c420 5752       3       java.util.concurrent.locks.AbstractQueuedSynchronizer::acquireShared (20 bytes)
Event: 142.792 Thread 0x00000242f147c420 nmethod 5752 0x00000242da2cba90 code [0x00000242da2cbc40, 0x00000242da2cbeb8]
Event: 142.792 Thread 0x00000242f147c420 5753       3       java.util.concurrent.locks.ReentrantReadWriteLock$Sync::tryAcquireShared (177 bytes)
Event: 142.792 Thread 0x00000242f147c420 nmethod 5753 0x00000242da2cab90 code [0x00000242da2cadc0, 0x00000242da2cb7e8]
Event: 148.775 Thread 0x00000242f1469d50 5754       4       java.io.File::hashCode (8 bytes)
Event: 148.788 Thread 0x00000242f1469d50 nmethod 5754 0x00000242e16f8710 code [0x00000242e16f88e0, 0x00000242e16f9398]
Event: 152.803 Thread 0x00000242f147c420 5755       3       java.util.concurrent.locks.ReentrantReadWriteLock$ReadLock::unlock (10 bytes)
Event: 152.804 Thread 0x00000242f147c420 nmethod 5755 0x00000242da2ca590 code [0x00000242da2ca760, 0x00000242da2caa38]
Event: 152.804 Thread 0x00000242f147c420 5758       3       java.util.concurrent.locks.AbstractQueuedSynchronizer::apparentlyFirstQueuedIsExclusive (38 bytes)
Event: 152.804 Thread 0x00000242f147c420 nmethod 5758 0x00000242da2c9f90 code [0x00000242da2ca140, 0x00000242da2ca498]
Event: 152.804 Thread 0x00000242f147c420 5756       3       java.util.concurrent.locks.ReentrantReadWriteLock$Sync::tryReleaseShared (146 bytes)
Event: 152.804 Thread 0x00000242f147c420 nmethod 5756 0x00000242da2c9010 code [0x00000242da2c9240, 0x00000242da2c9c58]
Event: 152.804 Thread 0x00000242f147c420 5757       1       org.apache.catalina.LifecycleState::isAvailable (5 bytes)
Event: 152.804 Thread 0x00000242f147c420 nmethod 5757 0x00000242e165e290 code [0x00000242e165e420, 0x00000242e165e4f8]
Event: 152.804 Thread 0x00000242f147c420 5759       1       org.apache.catalina.valves.ValveBase::getNext (5 bytes)
Event: 152.804 Thread 0x00000242f147c420 nmethod 5759 0x00000242e165df90 code [0x00000242e165e120, 0x00000242e165e1f8]
Event: 160.024 Thread 0x00000242f1469d50 5760       4       org.springframework.boot.devtools.filewatch.FileSnapshot::equals (110 bytes)

GC Heap History (20 events):
Event: 2.095 GC heap before
{Heap before GC invocations=7 (full 0):
 garbage-first heap   total 40960K, used 30972K [0x0000000081200000, 0x0000000100000000)
  region size 1024K, 18 young (18432K), 2 survivors (2048K)
 Metaspace       used 32706K, committed 33152K, reserved 1081344K
  class space    used 3814K, committed 4032K, reserved 1048576K
}
Event: 2.098 GC heap after
{Heap after GC invocations=8 (full 0):
 garbage-first heap   total 40960K, used 15934K [0x0000000081200000, 0x0000000100000000)
  region size 1024K, 3 young (3072K), 3 survivors (3072K)
 Metaspace       used 32706K, committed 33152K, reserved 1081344K
  class space    used 3814K, committed 4032K, reserved 1048576K
}
Event: 2.436 GC heap before
{Heap before GC invocations=8 (full 0):
 garbage-first heap   total 40960K, used 30270K [0x0000000081200000, 0x0000000100000000)
  region size 1024K, 18 young (18432K), 3 survivors (3072K)
 Metaspace       used 35792K, committed 36160K, reserved 1081344K
  class space    used 4263K, committed 4416K, reserved 1048576K
}
Event: 2.440 GC heap after
{Heap after GC invocations=9 (full 0):
 garbage-first heap   total 40960K, used 17421K [0x0000000081200000, 0x0000000100000000)
  region size 1024K, 3 young (3072K), 3 survivors (3072K)
 Metaspace       used 35792K, committed 36160K, reserved 1081344K
  class space    used 4263K, committed 4416K, reserved 1048576K
}
Event: 2.670 GC heap before
{Heap before GC invocations=10 (full 0):
 garbage-first heap   total 40960K, used 30733K [0x0000000081200000, 0x0000000100000000)
  region size 1024K, 17 young (17408K), 3 survivors (3072K)
 Metaspace       used 38177K, committed 38592K, reserved 1089536K
  class space    used 4540K, committed 4736K, reserved 1048576K
}
Event: 2.673 GC heap after
{Heap after GC invocations=11 (full 0):
 garbage-first heap   total 40960K, used 18499K [0x0000000081200000, 0x0000000100000000)
  region size 1024K, 2 young (2048K), 2 survivors (2048K)
 Metaspace       used 38177K, committed 38592K, reserved 1089536K
  class space    used 4540K, committed 4736K, reserved 1048576K
}
Event: 2.684 GC heap before
{Heap before GC invocations=11 (full 0):
 garbage-first heap   total 40960K, used 19523K [0x0000000081200000, 0x0000000100000000)
  region size 1024K, 3 young (3072K), 2 survivors (2048K)
 Metaspace       used 38252K, committed 38720K, reserved 1089536K
  class space    used 4547K, committed 4800K, reserved 1048576K
}
Event: 2.686 GC heap after
{Heap after GC invocations=12 (full 0):
 garbage-first heap   total 80896K, used 18167K [0x0000000081200000, 0x0000000100000000)
  region size 1024K, 1 young (1024K), 1 survivors (1024K)
 Metaspace       used 38252K, committed 38720K, reserved 1089536K
  class space    used 4547K, committed 4800K, reserved 1048576K
}
Event: 3.478 GC heap before
{Heap before GC invocations=12 (full 0):
 garbage-first heap   total 80896K, used 59127K [0x0000000081200000, 0x0000000100000000)
  region size 1024K, 41 young (41984K), 1 survivors (1024K)
 Metaspace       used 48596K, committed 49024K, reserved 1097728K
  class space    used 6056K, committed 6272K, reserved 1048576K
}
Event: 3.481 GC heap after
{Heap after GC invocations=13 (full 0):
 garbage-first heap   total 80896K, used 20263K [0x0000000081200000, 0x0000000100000000)
  region size 1024K, 3 young (3072K), 3 survivors (3072K)
 Metaspace       used 48596K, committed 49024K, reserved 1097728K
  class space    used 6056K, committed 6272K, reserved 1048576K
}
Event: 4.203 GC heap before
{Heap before GC invocations=13 (full 0):
 garbage-first heap   total 80896K, used 61223K [0x0000000081200000, 0x0000000100000000)
  region size 1024K, 43 young (44032K), 3 survivors (3072K)
 Metaspace       used 58967K, committed 59520K, reserved 1105920K
  class space    used 7611K, committed 7872K, reserved 1048576K
}
Event: 4.207 GC heap after
{Heap after GC invocations=14 (full 0):
 garbage-first heap   total 80896K, used 22309K [0x0000000081200000, 0x0000000100000000)
  region size 1024K, 5 young (5120K), 5 survivors (5120K)
 Metaspace       used 58967K, committed 59520K, reserved 1105920K
  class space    used 7611K, committed 7872K, reserved 1048576K
}
Event: 4.306 GC heap before
{Heap before GC invocations=14 (full 0):
 garbage-first heap   total 80896K, used 29477K [0x0000000081200000, 0x0000000100000000)
  region size 1024K, 13 young (13312K), 5 survivors (5120K)
 Metaspace       used 59979K, committed 60480K, reserved 1105920K
  class space    used 7765K, committed 8000K, reserved 1048576K
}
Event: 4.309 GC heap after
{Heap after GC invocations=15 (full 0):
 garbage-first heap   total 80896K, used 22727K [0x0000000081200000, 0x0000000100000000)
  region size 1024K, 3 young (3072K), 3 survivors (3072K)
 Metaspace       used 59979K, committed 60480K, reserved 1105920K
  class space    used 7765K, committed 8000K, reserved 1048576K
}
Event: 5.041 GC heap before
{Heap before GC invocations=16 (full 0):
 garbage-first heap   total 80896K, used 62663K [0x0000000081200000, 0x0000000100000000)
  region size 1024K, 42 young (43008K), 3 survivors (3072K)
 Metaspace       used 67192K, committed 67840K, reserved 1114112K
  class space    used 8834K, committed 9152K, reserved 1048576K
}
Event: 5.046 GC heap after
{Heap after GC invocations=17 (full 0):
 garbage-first heap   total 80896K, used 25806K [0x0000000081200000, 0x0000000100000000)
  region size 1024K, 6 young (6144K), 6 survivors (6144K)
 Metaspace       used 67192K, committed 67840K, reserved 1114112K
  class space    used 8834K, committed 9152K, reserved 1048576K
}
Event: 5.064 GC heap before
{Heap before GC invocations=17 (full 0):
 garbage-first heap   total 80896K, used 26830K [0x0000000081200000, 0x0000000100000000)
  region size 1024K, 7 young (7168K), 6 survivors (6144K)
 Metaspace       used 67410K, committed 68032K, reserved 1114112K
  class space    used 8854K, committed 9152K, reserved 1048576K
}
Event: 5.069 GC heap after
{Heap after GC invocations=18 (full 0):
 garbage-first heap   total 80896K, used 26094K [0x0000000081200000, 0x0000000100000000)
  region size 1024K, 1 young (1024K), 1 survivors (1024K)
 Metaspace       used 67410K, committed 68032K, reserved 1114112K
  class space    used 8854K, committed 9152K, reserved 1048576K
}
Event: 18.427 GC heap before
{Heap before GC invocations=18 (full 0):
 garbage-first heap   total 80896K, used 62958K [0x0000000081200000, 0x0000000100000000)
  region size 1024K, 38 young (38912K), 1 survivors (1024K)
 Metaspace       used 74628K, committed 75264K, reserved 1114112K
  class space    used 9858K, committed 10112K, reserved 1048576K
}
Event: 18.432 GC heap after
{Heap after GC invocations=19 (full 0):
 garbage-first heap   total 80896K, used 28281K [0x0000000081200000, 0x0000000100000000)
  region size 1024K, 3 young (3072K), 3 survivors (3072K)
 Metaspace       used 74628K, committed 75264K, reserved 1114112K
  class space    used 9858K, committed 10112K, reserved 1048576K
}

Dll operation events (9 events):
Event: 0.007 Loaded shared library C:\Users\XGamingWolf\.p2\pool\plugins\org.eclipse.justj.openjdk.hotspot.jre.full.win32.x86_64_17.0.6.v20230204-1729\jre\bin\java.dll
Event: 0.140 Loaded shared library C:\Users\XGamingWolf\.p2\pool\plugins\org.eclipse.justj.openjdk.hotspot.jre.full.win32.x86_64_17.0.6.v20230204-1729\jre\bin\net.dll
Event: 0.142 Loaded shared library C:\Users\XGamingWolf\.p2\pool\plugins\org.eclipse.justj.openjdk.hotspot.jre.full.win32.x86_64_17.0.6.v20230204-1729\jre\bin\nio.dll
Event: 0.148 Loaded shared library C:\Users\XGamingWolf\.p2\pool\plugins\org.eclipse.justj.openjdk.hotspot.jre.full.win32.x86_64_17.0.6.v20230204-1729\jre\bin\zip.dll
Event: 0.253 Loaded shared library C:\Users\XGamingWolf\.p2\pool\plugins\org.eclipse.justj.openjdk.hotspot.jre.full.win32.x86_64_17.0.6.v20230204-1729\jre\bin\jimage.dll
Event: 0.491 Loaded shared library C:\Users\XGamingWolf\.p2\pool\plugins\org.eclipse.justj.openjdk.hotspot.jre.full.win32.x86_64_17.0.6.v20230204-1729\jre\bin\management.dll
Event: 0.494 Loaded shared library C:\Users\XGamingWolf\.p2\pool\plugins\org.eclipse.justj.openjdk.hotspot.jre.full.win32.x86_64_17.0.6.v20230204-1729\jre\bin\management_ext.dll
Event: 1.225 Loaded shared library C:\Users\XGamingWolf\.p2\pool\plugins\org.eclipse.justj.openjdk.hotspot.jre.full.win32.x86_64_17.0.6.v20230204-1729\jre\bin\sunmscapi.dll
Event: 3.046 Loaded shared library C:\Users\XGamingWolf\.p2\pool\plugins\org.eclipse.justj.openjdk.hotspot.jre.full.win32.x86_64_17.0.6.v20230204-1729\jre\bin\verify.dll

Deoptimization events (20 events):
Event: 18.229 Thread 0x00000242f3171660 Uncommon trap: trap_request=0xffffff45 fr.pc=0x00000242e17f42ac relative=0x00000000000016ec
Event: 18.229 Thread 0x00000242f3171660 Uncommon trap: reason=unstable_if action=reinterpret pc=0x00000242e17f42ac method=org.springframework.util.ConcurrentReferenceHashMap$Segment.doTask(ILjava/lang/Object;Lorg/springframework/util/ConcurrentReferenceHashMap$Task;)Ljava/lang/Object; @ 89 c2
Event: 18.229 Thread 0x00000242f3171660 DEOPT PACKING pc=0x00000242e17f42ac sp=0x0000008b38bfca40
Event: 18.229 Thread 0x00000242f3171660 DEOPT UNPACKING pc=0x00000242e10c69a3 sp=0x0000008b38bfc860 mode 2
Event: 18.253 Thread 0x00000242f3171190 Uncommon trap: trap_request=0xffffff45 fr.pc=0x00000242e1778448 relative=0x00000000000002e8
Event: 18.253 Thread 0x00000242f3171190 Uncommon trap: reason=unstable_if action=reinterpret pc=0x00000242e1778448 method=java.util.HashMap.getNode(Ljava/lang/Object;)Ljava/util/HashMap$Node; @ 66 c2
Event: 18.253 Thread 0x00000242f3171190 DEOPT PACKING pc=0x00000242e1778448 sp=0x0000008b389fcfd0
Event: 18.253 Thread 0x00000242f3171190 DEOPT UNPACKING pc=0x00000242e10c69a3 sp=0x0000008b389fce80 mode 2
Event: 18.309 Thread 0x00000242f3171190 Uncommon trap: trap_request=0xffffff45 fr.pc=0x00000242e187d348 relative=0x0000000000000e08
Event: 18.309 Thread 0x00000242f3171190 Uncommon trap: reason=unstable_if action=reinterpret pc=0x00000242e187d348 method=java.util.WeakHashMap.remove(Ljava/lang/Object;)Ljava/lang/Object; @ 92 c2
Event: 18.309 Thread 0x00000242f3171190 DEOPT PACKING pc=0x00000242e187d348 sp=0x0000008b389f7ee0
Event: 18.309 Thread 0x00000242f3171190 DEOPT UNPACKING pc=0x00000242e10c69a3 sp=0x0000008b389f7db8 mode 2
Event: 18.434 Thread 0x00000242f3171190 Uncommon trap: trap_request=0xffffff45 fr.pc=0x00000242e17e566c relative=0x00000000000000ec
Event: 18.434 Thread 0x00000242f3171190 Uncommon trap: reason=unstable_if action=reinterpret pc=0x00000242e17e566c method=java.util.concurrent.ConcurrentHashMap.sumCount()J @ 41 c2
Event: 18.434 Thread 0x00000242f3171190 DEOPT PACKING pc=0x00000242e17e566c sp=0x0000008b389fc300
Event: 18.434 Thread 0x00000242f3171190 DEOPT UNPACKING pc=0x00000242e10c69a3 sp=0x0000008b389fc270 mode 2
Event: 18.478 Thread 0x00000242f3171660 Uncommon trap: trap_request=0xffffff45 fr.pc=0x00000242e174cf60 relative=0x0000000000000120
Event: 18.478 Thread 0x00000242f3171660 Uncommon trap: reason=unstable_if action=reinterpret pc=0x00000242e174cf60 method=java.util.HashMap.getNode(Ljava/lang/Object;)Ljava/util/HashMap$Node; @ 66 c2
Event: 18.478 Thread 0x00000242f3171660 DEOPT PACKING pc=0x00000242e174cf60 sp=0x0000008b38bfcc60
Event: 18.478 Thread 0x00000242f3171660 DEOPT UNPACKING pc=0x00000242e10c69a3 sp=0x0000008b38bfcb80 mode 2

Classes unloaded (0 events):
No events

Classes redefined (0 events):
No events

Internal exceptions (20 events):
Event: 4.893 Thread 0x00000242f2b53b00 Exception <a 'java/lang/reflect/InvocationTargetException'{0x0000000083f9a5d0}> (0x0000000083f9a5d0) 
thrown [s\src\hotspot\share\runtime\reflection.cpp, line 1121]
Event: 4.894 Thread 0x00000242f2b53b00 Exception <a 'java/lang/reflect/InvocationTargetException'{0x0000000083fa5718}> (0x0000000083fa5718) 
thrown [s\src\hotspot\share\runtime\reflection.cpp, line 1121]
Event: 4.909 Thread 0x00000242f2b53b00 Exception <a 'java/lang/reflect/InvocationTargetException'{0x0000000083d12d60}> (0x0000000083d12d60) 
thrown [s\src\hotspot\share\runtime\reflection.cpp, line 1121]
Event: 4.924 Thread 0x00000242f2b53b00 Exception <a 'java/lang/NoSuchMethodError'{0x0000000083c03df8}: 'int java.lang.invoke.DirectMethodHandle$Holder.invokeStaticInit(java.lang.Object, int, java.lang.Object, java.lang.Object, java.lang.Object, java.lang.Object)'> (0x0000000083c03df8) 
thrown [s\src\hotspot\share\interpreter\linkResolver.cpp, line 759]
Event: 5.138 Thread 0x00000242f2b53b00 Exception <a 'sun/nio/fs/WindowsException'{0x0000000085c20950}> (0x0000000085c20950) 
thrown [s\src\hotspot\share\prims\jni.cpp, line 516]
Event: 5.182 Thread 0x00000242f2b53b00 Exception <a 'java/lang/IncompatibleClassChangeError'{0x0000000085aaa870}: Found class java.lang.Object, but interface was expected> (0x0000000085aaa870) 
thrown [s\src\hotspot\share\interpreter\linkResolver.cpp, line 826]
Event: 5.222 Thread 0x00000242f2b53b00 Exception <a 'java/lang/NoSuchMethodError'{0x0000000085871370}: 'void java.lang.invoke.DirectMethodHandle$Holder.invokeVirtual(java.lang.Object, java.lang.Object, long)'> (0x0000000085871370) 
thrown [s\src\hotspot\share\interpreter\linkResolver.cpp, line 759]
Event: 5.289 Thread 0x00000242f2b53b00 Exception <a 'java/lang/IncompatibleClassChangeError'{0x00000000854979f0}: Found class java.lang.Object, but interface was expected> (0x00000000854979f0) 
thrown [s\src\hotspot\share\interpreter\linkResolver.cpp, line 826]
Event: 5.308 Thread 0x00000242f2b53b00 Exception <a 'java/lang/NoSuchMethodError'{0x00000000853afe60}: 'java.lang.Object java.lang.invoke.DirectMethodHandle$Holder.invokeSpecial(java.lang.Object, java.lang.Object, java.lang.Object, java.lang.Object, java.lang.Object, java.lang.Object, java.lang.Object, java.lang.Object, java.lang.Object, java.lang.Object, java.lang.Object)'> (0x00000000853afe60) 
thrown [s\src\hotspot\share\interpreter\linkResolver.cpp, line 759]
Event: 5.308 Thread 0x00000242f2b53b00 Exception <a 'java/lang/NoSuchMethodError'{0x00000000853b4290}: 'java.lang.Object java.lang.invoke.Invokers$Holder.invoke_MT(java.lang.Object, java.lang.Object, java.lang.Object, java.lang.Object, java.lang.Object, java.lang.Object, java.lang.Object, java.lang.Object, java.lang.Object, java.lang.Object, java.lang.Object)'> (0x00000000853b4290) 
thrown [s\src\hotspot\share\interpreter\linkResolver.cpp, line 759]
Event: 5.385 Thread 0x00000242f2b53b00 Exception <a 'java/lang/NoSuchMethodError'{0x0000000084f85d30}: 'java.lang.Object java.lang.invoke.DirectMethodHandle$Holder.newInvokeSpecial(java.lang.Object, java.lang.Object, int, java.lang.Object, java.lang.Object)'> (0x0000000084f85d30) 
thrown [s\src\hotspot\share\interpreter\linkResolver.cpp, line 759]
Event: 18.050 Thread 0x00000242f3171190 Exception <a 'java/lang/NoSuchMethodError'{0x00000000849975d8}: 'java.lang.Object java.lang.invoke.DirectMethodHandle$Holder.invokeSpecial(java.lang.Object, java.lang.Object, java.lang.Object, java.lang.Object, java.lang.Object, long)'> (0x00000000849975d8) 
thrown [s\src\hotspot\share\interpreter\linkResolver.cpp, line 759]
Event: 18.050 Thread 0x00000242f3171190 Exception <a 'java/lang/NoSuchMethodError'{0x000000008499b018}: 'java.lang.Object java.lang.invoke.Invokers$Holder.linkToTargetMethod(java.lang.Object, java.lang.Object, java.lang.Object, long, java.lang.Object)'> (0x000000008499b018) 
thrown [s\src\hotspot\share\interpreter\linkResolver.cpp, line 759]
Event: 18.284 Thread 0x00000242f3171660 Exception <a 'java/lang/NoSuchMethodError'{0x00000000844dcec0}: 'java.lang.Object java.lang.invoke.DirectMethodHandle$Holder.invokeInterface(java.lang.Object, java.lang.Object, java.lang.Object, java.lang.Object)'> (0x00000000844dcec0) 
thrown [s\src\hotspot\share\interpreter\linkResolver.cpp, line 759]
Event: 18.304 Thread 0x00000242f3171660 Exception <a 'java/lang/NoSuchMethodError'{0x000000008426f590}: 'void java.lang.invoke.DirectMethodHandle$Holder.invokeSpecialIFC(java.lang.Object, java.lang.Object, int, java.lang.Object, java.lang.Object, java.lang.Object, java.lang.Object)'> (0x000000008426f590) 
thrown [s\src\hotspot\share\interpreter\linkResolver.cpp, line 759]
Event: 18.372 Thread 0x00000242f3171190 Exception <a 'java/lang/IncompatibleClassChangeError'{0x0000000083e6c548}: Found class java.lang.Object, but interface was expected> (0x0000000083e6c548) 
thrown [s\src\hotspot\share\interpreter\linkResolver.cpp, line 826]
Event: 18.378 Thread 0x00000242f3171660 Exception <a 'java/lang/reflect/InvocationTargetException'{0x0000000083d5ab20}> (0x0000000083d5ab20) 
thrown [s\src\hotspot\share\runtime\reflection.cpp, line 1121]
Event: 18.378 Thread 0x00000242f3171660 Exception <a 'java/lang/reflect/InvocationTargetException'{0x0000000083d5b098}> (0x0000000083d5b098) 
thrown [s\src\hotspot\share\runtime\reflection.cpp, line 1121]
Event: 18.384 Thread 0x00000242f3171660 Exception <a 'java/lang/NoSuchMethodError'{0x0000000083d7b770}: 'java.lang.Object java.lang.invoke.Invokers$Holder.invoke_MT(java.lang.Object, java.lang.Object, java.lang.Object, java.lang.Object, java.lang.Object, java.lang.Object, java.lang.Object, java.lang.Object, java.lang.Object)'> (0x0000000083d7b770) 
thrown [s\src\hotspot\share\interpreter\linkResolver.cpp, line 759]
Event: 18.434 Thread 0x00000242f3171190 Implicit null exception at 0x00000242e17e55db to 0x00000242e17e5650

VM Operations (20 events):
Event: 59.739 Executing VM operation: Cleanup
Event: 59.739 Executing VM operation: Cleanup done
Event: 61.757 Executing VM operation: Cleanup
Event: 61.757 Executing VM operation: Cleanup done
Event: 68.792 Executing VM operation: Cleanup
Event: 68.792 Executing VM operation: Cleanup done
Event: 79.877 Executing VM operation: Cleanup
Event: 79.877 Executing VM operation: Cleanup done
Event: 80.887 Executing VM operation: Cleanup
Event: 80.887 Executing VM operation: Cleanup done
Event: 109.145 Executing VM operation: Cleanup
Event: 109.145 Executing VM operation: Cleanup done
Event: 131.302 Executing VM operation: Cleanup
Event: 131.302 Executing VM operation: Cleanup done
Event: 138.360 Executing VM operation: Cleanup
Event: 138.360 Executing VM operation: Cleanup done
Event: 142.393 Executing VM operation: Cleanup
Event: 142.393 Executing VM operation: Cleanup done
Event: 153.475 Executing VM operation: Cleanup
Event: 153.475 Executing VM operation: Cleanup done

Events (20 events):
Event: 18.399 loading class java/util/stream/ReduceOps$7
Event: 18.399 loading class java/util/stream/ReduceOps$7 done
Event: 18.399 loading class java/util/stream/ReduceOps$6ReducingSink
Event: 18.399 loading class java/util/stream/ReduceOps$6ReducingSink done
Event: 18.399 loading class java/util/stream/ReferencePipeline$4$1
Event: 18.400 loading class java/util/stream/ReferencePipeline$4$1 done
Event: 18.405 loading class java/lang/Throwable$WrappedPrintWriter
Event: 18.405 loading class java/lang/Throwable$PrintStreamOrWriter
Event: 18.405 loading class java/lang/Throwable$PrintStreamOrWriter done
Event: 18.405 loading class java/lang/Throwable$WrappedPrintWriter done
Event: 18.414 loading class java/util/OptionalLong
Event: 18.414 loading class java/util/OptionalLong done
Event: 18.414 loading class java/util/OptionalDouble
Event: 18.414 loading class java/util/OptionalDouble done
Event: 18.463 loading class java/util/stream/LongStream
Event: 18.464 loading class java/util/stream/LongStream done
Event: 18.464 loading class java/util/stream/DoubleStream
Event: 18.465 loading class java/util/stream/DoubleStream done
Event: 19.286 Thread 0x00000242f83ff050 Thread exited: 0x00000242f83ff050
Event: 19.286 Thread 0x00000242f7911010 Thread exited: 0x00000242f7911010


Dynamic libraries:
0x00007ff7c2a40000 - 0x00007ff7c2a4e000 	C:\Users\XGamingWolf\.p2\pool\plugins\org.eclipse.justj.openjdk.hotspot.jre.full.win32.x86_64_17.0.6.v20230204-1729\jre\bin\javaw.exe
0x00007ffd546a0000 - 0x00007ffd54903000 	C:\WINDOWS\SYSTEM32\ntdll.dll
0x00007ffd53110000 - 0x00007ffd531d7000 	C:\WINDOWS\System32\KERNEL32.DLL
0x00007ffd518a0000 - 0x00007ffd51c69000 	C:\WINDOWS\System32\KERNELBASE.dll
0x00007ffd52130000 - 0x00007ffd5227c000 	C:\WINDOWS\System32\ucrtbase.dll
0x00007ffd4e960000 - 0x00007ffd4e979000 	C:\Users\XGamingWolf\.p2\pool\plugins\org.eclipse.justj.openjdk.hotspot.jre.full.win32.x86_64_17.0.6.v20230204-1729\jre\bin\VCRUNTIME140.dll
0x00007ffd3ee70000 - 0x00007ffd3ee87000 	C:\Users\XGamingWolf\.p2\pool\plugins\org.eclipse.justj.openjdk.hotspot.jre.full.win32.x86_64_17.0.6.v20230204-1729\jre\bin\jli.dll
0x00007ffd53bf0000 - 0x00007ffd53dba000 	C:\WINDOWS\System32\USER32.dll
0x00007ffd49b80000 - 0x00007ffd49e10000 	C:\WINDOWS\WinSxS\amd64_microsoft.windows.common-controls_6595b64144ccf1df_6.0.26100.3323_none_3e088096e3344490\COMCTL32.dll
0x00007ffd52340000 - 0x00007ffd52367000 	C:\WINDOWS\System32\win32u.dll
0x00007ffd53b40000 - 0x00007ffd53be9000 	C:\WINDOWS\System32\msvcrt.dll
0x00007ffd524d0000 - 0x00007ffd524fa000 	C:\WINDOWS\System32\GDI32.dll
0x00007ffd51d00000 - 0x00007ffd51e31000 	C:\WINDOWS\System32\gdi32full.dll
0x00007ffd52410000 - 0x00007ffd524b3000 	C:\WINDOWS\System32\msvcp_win.dll
0x00007ffd528a0000 - 0x00007ffd528cf000 	C:\WINDOWS\System32\IMM32.DLL
0x00007ffd4d310000 - 0x00007ffd4d31c000 	C:\Users\XGamingWolf\.p2\pool\plugins\org.eclipse.justj.openjdk.hotspot.jre.full.win32.x86_64_17.0.6.v20230204-1729\jre\bin\vcruntime140_1.dll
0x00007ffd2ea10000 - 0x00007ffd2eaa1000 	C:\Users\XGamingWolf\.p2\pool\plugins\org.eclipse.justj.openjdk.hotspot.jre.full.win32.x86_64_17.0.6.v20230204-1729\jre\bin\msvcp140.dll
0x00007ffce4fe0000 - 0x00007ffce5c27000 	C:\Users\XGamingWolf\.p2\pool\plugins\org.eclipse.justj.openjdk.hotspot.jre.full.win32.x86_64_17.0.6.v20230204-1729\jre\bin\server\jvm.dll
0x00007ffd52580000 - 0x00007ffd52632000 	C:\WINDOWS\System32\ADVAPI32.dll
0x00007ffd53320000 - 0x00007ffd533c6000 	C:\WINDOWS\System32\sechost.dll
0x00007ffd52940000 - 0x00007ffd52a56000 	C:\WINDOWS\System32\RPCRT4.dll
0x00007ffd49f50000 - 0x00007ffd49f86000 	C:\WINDOWS\SYSTEM32\WINMM.dll
0x00007ffd37a60000 - 0x00007ffd37a6a000 	C:\WINDOWS\SYSTEM32\WSOCK32.dll
0x00007ffd4bf60000 - 0x00007ffd4bf6b000 	C:\WINDOWS\SYSTEM32\VERSION.dll
0x00007ffd52500000 - 0x00007ffd52574000 	C:\WINDOWS\System32\WS2_32.dll
0x00007ffd507d0000 - 0x00007ffd507ea000 	C:\WINDOWS\SYSTEM32\kernel.appcore.dll
0x00007ffd4bdc0000 - 0x00007ffd4bdca000 	C:\Users\XGamingWolf\.p2\pool\plugins\org.eclipse.justj.openjdk.hotspot.jre.full.win32.x86_64_17.0.6.v20230204-1729\jre\bin\jimage.dll
0x00007ffd3f150000 - 0x00007ffd3f391000 	C:\WINDOWS\SYSTEM32\DBGHELP.DLL
0x00007ffd537b0000 - 0x00007ffd53b32000 	C:\WINDOWS\System32\combase.dll
0x00007ffd536d0000 - 0x00007ffd537a6000 	C:\WINDOWS\System32\OLEAUT32.dll
0x00007ffd37a00000 - 0x00007ffd37a39000 	C:\WINDOWS\SYSTEM32\dbgcore.DLL
0x00007ffd52370000 - 0x00007ffd52409000 	C:\WINDOWS\System32\bcryptPrimitives.dll
0x00007ffd30ad0000 - 0x00007ffd30af5000 	C:\Users\XGamingWolf\.p2\pool\plugins\org.eclipse.justj.openjdk.hotspot.jre.full.win32.x86_64_17.0.6.v20230204-1729\jre\bin\java.dll
0x00007ffd3b100000 - 0x00007ffd3b118000 	C:\Users\XGamingWolf\.p2\pool\plugins\org.eclipse.justj.openjdk.hotspot.jre.full.win32.x86_64_17.0.6.v20230204-1729\jre\bin\zip.dll
0x00007ffd53f30000 - 0x00007ffd54645000 	C:\WINDOWS\System32\SHELL32.dll
0x00007ffd51fc0000 - 0x00007ffd52128000 	C:\WINDOWS\System32\wintypes.dll
0x00007ffd4f5c0000 - 0x00007ffd4fe05000 	C:\WINDOWS\SYSTEM32\windows.storage.dll
0x00007ffd52a80000 - 0x00007ffd52b6b000 	C:\WINDOWS\System32\SHCORE.dll
0x00007ffd528e0000 - 0x00007ffd5293d000 	C:\WINDOWS\System32\shlwapi.dll
0x00007ffd517b0000 - 0x00007ffd517df000 	C:\WINDOWS\SYSTEM32\profapi.dll
0x00007ffd31ff0000 - 0x00007ffd32009000 	C:\Users\XGamingWolf\.p2\pool\plugins\org.eclipse.justj.openjdk.hotspot.jre.full.win32.x86_64_17.0.6.v20230204-1729\jre\bin\net.dll
0x00007ffd4b2b0000 - 0x00007ffd4b3ce000 	C:\WINDOWS\SYSTEM32\WINHTTP.dll
0x00007ffd50cf0000 - 0x00007ffd50d5a000 	C:\WINDOWS\system32\mswsock.dll
0x00007ffd2f350000 - 0x00007ffd2f365000 	C:\Users\XGamingWolf\.p2\pool\plugins\org.eclipse.justj.openjdk.hotspot.jre.full.win32.x86_64_17.0.6.v20230204-1729\jre\bin\nio.dll
0x00007ffd3ee60000 - 0x00007ffd3ee69000 	C:\Users\XGamingWolf\.p2\pool\plugins\org.eclipse.justj.openjdk.hotspot.jre.full.win32.x86_64_17.0.6.v20230204-1729\jre\bin\management.dll
0x00007ffd3ee50000 - 0x00007ffd3ee5b000 	C:\Users\XGamingWolf\.p2\pool\plugins\org.eclipse.justj.openjdk.hotspot.jre.full.win32.x86_64_17.0.6.v20230204-1729\jre\bin\management_ext.dll
0x00007ffd532e0000 - 0x00007ffd532e8000 	C:\WINDOWS\System32\PSAPI.DLL
0x00007ffd304a0000 - 0x00007ffd304ae000 	C:\Users\XGamingWolf\.p2\pool\plugins\org.eclipse.justj.openjdk.hotspot.jre.full.win32.x86_64_17.0.6.v20230204-1729\jre\bin\sunmscapi.dll
0x00007ffd51e40000 - 0x00007ffd51fb7000 	C:\WINDOWS\System32\CRYPT32.dll
0x00007ffd51190000 - 0x00007ffd511c0000 	C:\WINDOWS\SYSTEM32\ncrypt.dll
0x00007ffd51140000 - 0x00007ffd5117f000 	C:\WINDOWS\SYSTEM32\NTASN1.dll
0x00007ffd50f90000 - 0x00007ffd50fac000 	C:\WINDOWS\SYSTEM32\CRYPTSP.dll
0x00007ffd506b0000 - 0x00007ffd506ea000 	C:\WINDOWS\system32\rsaenh.dll
0x00007ffd50d90000 - 0x00007ffd50dbb000 	C:\WINDOWS\SYSTEM32\USERENV.dll
0x00007ffd511d0000 - 0x00007ffd511f6000 	C:\WINDOWS\SYSTEM32\bcrypt.dll
0x00007ffd50fb0000 - 0x00007ffd50fbc000 	C:\WINDOWS\SYSTEM32\CRYPTBASE.dll
0x00007ffd50100000 - 0x00007ffd50133000 	C:\WINDOWS\SYSTEM32\IPHLPAPI.DLL
0x00007ffd524c0000 - 0x00007ffd524ca000 	C:\WINDOWS\System32\NSI.dll
0x00007ffd4b9a0000 - 0x00007ffd4b9bf000 	C:\WINDOWS\SYSTEM32\dhcpcsvc6.DLL
0x00007ffd4b6d0000 - 0x00007ffd4b6f5000 	C:\WINDOWS\SYSTEM32\dhcpcsvc.DLL
0x00007ffd50190000 - 0x00007ffd502b5000 	C:\WINDOWS\SYSTEM32\DNSAPI.dll
0x00007ffd3e5d0000 - 0x00007ffd3e5e0000 	C:\Users\XGamingWolf\.p2\pool\plugins\org.eclipse.justj.openjdk.hotspot.jre.full.win32.x86_64_17.0.6.v20230204-1729\jre\bin\verify.dll
0x00007ffd40250000 - 0x00007ffd4025b000 	C:\Windows\System32\rasadhlp.dll
0x00007ffd4a5e0000 - 0x00007ffd4a665000 	C:\WINDOWS\System32\fwpuclnt.dll
0x00007ffd40e40000 - 0x00007ffd40e48000 	C:\WINDOWS\system32\wshunix.dll

dbghelp: loaded successfully - version: 4.0.5 - missing functions: none
symbol engine: initialized successfully - sym options: 0x614 - pdb path: .;C:\Users\XGamingWolf\.p2\pool\plugins\org.eclipse.justj.openjdk.hotspot.jre.full.win32.x86_64_17.0.6.v20230204-1729\jre\bin;C:\WINDOWS\SYSTEM32;C:\WINDOWS\WinSxS\amd64_microsoft.windows.common-controls_6595b64144ccf1df_6.0.26100.3323_none_3e088096e3344490;C:\Users\XGamingWolf\.p2\pool\plugins\org.eclipse.justj.openjdk.hotspot.jre.full.win32.x86_64_17.0.6.v20230204-1729\jre\bin\server

VM Arguments:
jvm_args: -Dfile.encoding=UTF-8 -XX:+ShowCodeDetailsInExceptionMessages 
java_command: net.javaguides.springboot_backend.SpringbootBackendApplication
java_class_path (initial): C:\Users\XGamingWolf\Documents\springboot-backend\springboot-backend\target\classes;C:\Users\XGamingWolf\.m2\repository\org\springframework\boot\spring-boot-starter-data-jpa\3.4.2\spring-boot-starter-data-jpa-3.4.2.jar;C:\Users\XGamingWolf\.m2\repository\org\springframework\boot\spring-boot-starter\3.4.2\spring-boot-starter-3.4.2.jar;C:\Users\XGamingWolf\.m2\repository\org\springframework\boot\spring-boot-starter-logging\3.4.2\spring-boot-starter-logging-3.4.2.jar;C:\Users\XGamingWolf\.m2\repository\ch\qos\logback\logback-classic\1.5.16\logback-classic-1.5.16.jar;C:\Users\XGamingWolf\.m2\repository\ch\qos\logback\logback-core\1.5.16\logback-core-1.5.16.jar;C:\Users\XGamingWolf\.m2\repository\org\apache\logging\log4j\log4j-to-slf4j\2.24.3\log4j-to-slf4j-2.24.3.jar;C:\Users\XGamingWolf\.m2\repository\org\apache\logging\log4j\log4j-api\2.24.3\log4j-api-2.24.3.jar;C:\Users\XGamingWolf\.m2\repository\org\slf4j\jul-to-slf4j\2.0.16\jul-to-slf4j-2.0.16.jar;C:\Users\XGamingWolf\.m2\repository\jakarta\annotation\jakarta.annotation-api\2.1.1\jakarta.annotation-api-2.1.1.jar;C:\Users\XGamingWolf\.m2\repository\org\yaml\snakeyaml\2.3\snakeyaml-2.3.jar;C:\Users\XGamingWolf\.m2\repository\org\springframework\boot\spring-boot-starter-jdbc\3.4.2\spring-boot-starter-jdbc-3.4.2.jar;C:\Users\XGamingWolf\.m2\repository\com\zaxxer\HikariCP\5.1.0\HikariCP-5.1.0.jar;C:\Users\XGamingWolf\.m2\repository\org\springframework\spring-jdbc\6.2.2\spring-jdbc-6.2.2.jar;C:\Users\XGamingWolf\.m2\repository\org\hibernate\orm\hibernate-core\6.6.5.Final\hibernate-core-6.6.5.Final.jar;C:\Users\XGamingWolf\.m2\repository\jakarta\persistence\jakarta.persistence-api\3.1.0\jakarta.persistence-api-3.1.0.jar;C:\Users\XGamingWolf\.m2\repository\jakarta\transaction\jakarta.transaction-api\2.0.1\jakarta.transaction-api-2.0.1.jar;C:\Users\XGamingWolf\.m2\repository\org\jboss\logging\jboss-logging\3.6.1.Final\jboss-logging-3.6.1.Final.jar;C:\Users\XGamingWolf\.m2\repository\org\hibernat
Launcher Type: SUN_STANDARD

[Global flags]
     intx CICompilerCount                          = 4                                         {product} {ergonomic}
     uint ConcGCThreads                            = 3                                         {product} {ergonomic}
     uint G1ConcRefinementThreads                  = 10                                        {product} {ergonomic}
   size_t G1HeapRegionSize                         = 1048576                                   {product} {ergonomic}
    uintx GCDrainStackTargetSize                   = 64                                        {product} {ergonomic}
   size_t InitialHeapSize                          = 134217728                                 {product} {ergonomic}
   size_t MarkStackSize                            = 4194304                                   {product} {ergonomic}
   size_t MaxHeapSize                              = 2128609280                                {product} {ergonomic}
   size_t MaxNewSize                               = 1277165568                                {product} {ergonomic}
   size_t MinHeapDeltaBytes                        = 1048576                                   {product} {ergonomic}
   size_t MinHeapSize                              = 8388608                                   {product} {ergonomic}
    uintx NonNMethodCodeHeapSize                   = 5839372                                {pd product} {ergonomic}
    uintx NonProfiledCodeHeapSize                  = 122909434                              {pd product} {ergonomic}
    uintx ProfiledCodeHeapSize                     = 122909434                              {pd product} {ergonomic}
    uintx ReservedCodeCacheSize                    = 251658240                              {pd product} {ergonomic}
     bool SegmentedCodeCache                       = true                                      {product} {ergonomic}
     bool ShowCodeDetailsInExceptionMessages       = true                                   {manageable} {command line}
   size_t SoftMaxHeapSize                          = 2128609280                             {manageable} {ergonomic}
     bool UseCompressedClassPointers               = true                           {product lp64_product} {ergonomic}
     bool UseCompressedOops                        = true                           {product lp64_product} {ergonomic}
     bool UseG1GC                                  = true                                      {product} {ergonomic}
     bool UseLargePagesIndividualAllocation        = false                                  {pd product} {ergonomic}

Logging:
Log output configuration:
 #0: stdout all=warning uptime,level,tags
 #1: stderr all=off uptime,level,tags

Environment Variables:
JAVA_HOME=C:\Program Files\Java\jdk-17
PATH=C:/Users/XGamingWolf/.p2/pool/plugins/org.eclipse.justj.openjdk.hotspot.jre.full.win32.x86_64_17.0.6.v20230204-1729/jre/bin/server;C:/Users/XGamingWolf/.p2/pool/plugins/org.eclipse.justj.openjdk.hotspot.jre.full.win32.x86_64_17.0.6.v20230204-1729/jre/bin;C:\Program Files\Common Files\Oracle\Java\javapath;C:\Program Files (x86)\Common Files\Oracle\Java\javapath;C:\Windows\system32;C:\Windows;C:\Windows\System32\Wbem;C:\Windows\System32\WindowsPowerShell\v1.0\;C:\Windows\System32\OpenSSH\;C:\Program Files\NVIDIA Corporation\NVIDIA NvDLISR;C:\Program Files (x86)\NVIDIA Corporation\PhysX\Common;C:\WINDOWS\system32;C:\WINDOWS;C:\WINDOWS\System32\Wbem;C:\WINDOWS\System32\WindowsPowerShell\v1.0\;C:\WINDOWS\System32\OpenSSH\;C:\Program Files\Java\jdk1.8.0_202\bin;C:\Program Files\Docker\Docker\resources\bin;C:\Program Files\nodejs\;C:\Program Files\Git\cmd;C:\Users\XGamingWolf\AppData\Local\Microsoft\WindowsApps;C:\Users\XGamingWolf\AppData\Roaming\npm;C:\Users\XGamingWolf\AppData\Local\Programs\Microsoft VS Code\bin;C:\Program Files\Git\bin;C:\Program Files\Git\cmd;;C:\Users\XGamingWolf\Desktop;
USERNAME=XGamingWolf
OS=Windows_NT
PROCESSOR_IDENTIFIER=AMD64 Family 23 Model 8 Stepping 2, AuthenticAMD
TMP=C:\Users\XGAMIN~1\AppData\Local\Temp
TEMP=C:\Users\XGAMIN~1\AppData\Local\Temp



---------------  S Y S T E M  ---------------

OS:
 Windows 11 , 64 bit Build 26100 (10.0.26100.3323)
OS uptime: 0 days 4:27 hours

CPU: total 12 (initial active 12) (12 cores per cpu, 2 threads per core) family 23 model 8 stepping 2 microcode 0x800820d, cx8, cmov, fxsr, ht, mmx, 3dnowpref, sse, sse2, sse3, ssse3, sse4a, sse4.1, sse4.2, popcnt, lzcnt, tsc, tscinvbit, avx, avx2, aes, clmul, bmi1, bmi2, adx, sha, fma, vzeroupper, clflush, clflushopt

Memory: 4k page, system-wide physical 8117M (1570M free)
TotalPageFile size 32693M (AvailPageFile size 0M)
current process WorkingSet (physical memory assigned to process): 245M, peak: 298M
current process commit charge ("private bytes"): 277M, peak: 332M

vm_info: OpenJDK 64-Bit Server VM (17.0.6+10) for windows-amd64 JRE (17.0.6+10), built on Jan 18 2023 10:08:59 by "temurin" with MS VC++ 16.7 (VS2019)

END.
